# JRE version: Java(TM) SE Runtime Environment (17.0.9+11) (build 17.0.9+11-LTS-201)
# Java VM: Java HotSpot(TM) 64-Bit Server VM (17.0.9+11-LTS-201, mixed mode, sharing, tiered, compressed oops, compressed class ptrs, g1 gc, windows-amd64)
GC Precious Log:
 CPUs: 16 total, 16 available
 Memory: 15791M
 Large Page Support: Disabled
 NUMA Support: Disabled
 Compressed Oops: Enabled (32-bit)
 Heap Region Size: 1M
 Heap Min Capacity: 8M
 Heap Initial Capacity: 248M
 Heap Max Capacity: 2G
 Pre-touch: Disabled
 Parallel Workers: 13
 Concurrent Workers: 3
 Concurrent Refinement Workers: 13
 Periodic GC: Disabled
Heap:
 garbage-first heap   total 147456K, used 85848K [0x0000000080000000, 0x0000000100000000)
  region size 1024K, 14 young (14336K), 5 survivors (5120K)
 Metaspace       used 73556K, committed 74240K, reserved 491520K
  class space    used 10011K, committed 10304K, reserved 425984K
GC Heap History (20 events):
Event: 11.096 GC heap before
{Heap before GC invocations=14 (full 0):
 garbage-first heap   total 119808K, used 94556K [0x0000000080000000, 0x0000000100000000)
  region size 1024K, 49 young (50176K), 3 survivors (3072K)
 Metaspace       used 55881K, committed 56512K, reserved 491520K
  class space    used 7730K, committed 8000K, reserved 425984K
}
Event: 11.099 GC heap after
{Heap after GC invocations=15 (full 0):
 garbage-first heap   total 119808K, used 51242K [0x0000000080000000, 0x0000000100000000)
  region size 1024K, 6 young (6144K), 6 survivors (6144K)
 Metaspace       used 55881K, committed 56512K, reserved 491520K
  class space    used 7730K, committed 8000K, reserved 425984K
}
Event: 11.684 GC heap before
{Heap before GC invocations=15 (full 0):
 garbage-first heap   total 119808K, used 96298K [0x0000000080000000, 0x0000000100000000)
  region size 1024K, 50 young (51200K), 6 survivors (6144K)
 Metaspace       used 58852K, committed 59456K, reserved 491520K
  class space    used 8157K, committed 8448K, reserved 425984K
}
Event: 11.689 GC heap after
{Heap after GC invocations=16 (full 0):
 garbage-first heap   total 119808K, used 55241K [0x0000000080000000, 0x0000000100000000)
  region size 1024K, 7 young (7168K), 7 survivors (7168K)
 Metaspace       used 58852K, committed 59456K, reserved 491520K
  class space    used 8157K, committed 8448K, reserved 425984K
}
Event: 11.818 GC heap before
{Heap before GC invocations=16 (full 0):
 garbage-first heap   total 119808K, used 63433K [0x0000000080000000, 0x0000000100000000)
  region size 1024K, 16 young (16384K), 7 survivors (7168K)
 Metaspace       used 59561K, committed 60160K, reserved 491520K
  class space    used 8290K, committed 8576K, reserved 425984K
}
Event: 11.822 GC heap after
{Heap after GC invocations=17 (full 0):
 garbage-first heap   total 119808K, used 56488K [0x0000000080000000, 0x0000000100000000)
  region size 1024K, 2 young (2048K), 2 survivors (2048K)
 Metaspace       used 59561K, committed 60160K, reserved 491520K
  class space    used 8290K, committed 8576K, reserved 425984K
}
Event: 12.312 GC heap before
{Heap before GC invocations=18 (full 0):
 garbage-first heap   total 119808K, used 94376K [0x0000000080000000, 0x0000000100000000)
  region size 1024K, 40 young (40960K), 2 survivors (2048K)
 Metaspace       used 62551K, committed 63168K, reserved 491520K
  class space    used 8671K, committed 8960K, reserved 425984K
}
Event: 12.315 GC heap after
{Heap after GC invocations=19 (full 0):
 garbage-first heap   total 119808K, used 59821K [0x0000000080000000, 0x0000000100000000)
  region size 1024K, 5 young (5120K), 5 survivors (5120K)
 Metaspace       used 62551K, committed 63168K, reserved 491520K
  class space    used 8671K, committed 8960K, reserved 425984K
}
Event: 12.427 GC heap before
{Heap before GC invocations=19 (full 0):
 garbage-first heap   total 119808K, used 66989K [0x0000000080000000, 0x0000000100000000)
  region size 1024K, 14 young (14336K), 5 survivors (5120K)
 Metaspace       used 62649K, committed 63232K, reserved 491520K
  class space    used 8673K, committed 8960K, reserved 425984K
}
Event: 12.431 GC heap after
{Heap after GC invocations=20 (full 0):
 garbage-first heap   total 119808K, used 60771K [0x0000000080000000, 0x0000000100000000)
  region size 1024K, 1 young (1024K), 1 survivors (1024K)
 Metaspace       used 62649K, committed 63232K, reserved 491520K
  class space    used 8673K, committed 8960K, reserved 425984K
}
Event: 12.908 GC heap before
{Heap before GC invocations=21 (full 0):
 garbage-first heap   total 119808K, used 98659K [0x0000000080000000, 0x0000000100000000)
  region size 1024K, 37 young (37888K), 1 survivors (1024K)
 Metaspace       used 67155K, committed 67840K, reserved 491520K
  class space    used 9196K, committed 9536K, reserved 425984K
}
Event: 12.911 GC heap after
{Heap after GC invocations=22 (full 0):
 garbage-first heap   total 119808K, used 66612K [0x0000000080000000, 0x0000000100000000)
  region size 1024K, 5 young (5120K), 5 survivors (5120K)
 Metaspace       used 67155K, committed 67840K, reserved 491520K
  class space    used 9196K, committed 9536K, reserved 425984K
}
Event: 12.986 GC heap before
{Heap before GC invocations=22 (full 0):
 garbage-first heap   total 119808K, used 70708K [0x0000000080000000, 0x0000000100000000)
  region size 1024K, 10 young (10240K), 5 survivors (5120K)
 Metaspace       used 68413K, committed 69056K, reserved 491520K
  class space    used 9329K, committed 9664K, reserved 425984K
}
Event: 12.989 GC heap after
{Heap after GC invocations=23 (full 0):
 garbage-first heap   total 119808K, used 68874K [0x0000000080000000, 0x0000000100000000)
  region size 1024K, 3 young (3072K), 3 survivors (3072K)
 Metaspace       used 68413K, committed 69056K, reserved 491520K
  class space    used 9329K, committed 9664K, reserved 425984K
}
Event: 13.259 GC heap before
{Heap before GC invocations=24 (full 0):
 garbage-first heap   total 147456K, used 103690K [0x0000000080000000, 0x0000000100000000)
  region size 1024K, 31 young (31744K), 3 survivors (3072K)
 Metaspace       used 69992K, committed 70656K, reserved 491520K
  class space    used 9545K, committed 9856K, reserved 425984K
}
Event: 13.262 GC heap after
{Heap after GC invocations=25 (full 0):
 garbage-first heap   total 147456K, used 72554K [0x0000000080000000, 0x0000000100000000)
  region size 1024K, 4 young (4096K), 4 survivors (4096K)
 Metaspace       used 69992K, committed 70656K, reserved 491520K
  class space    used 9545K, committed 9856K, reserved 425984K
}
Event: 13.574 GC heap before
{Heap before GC invocations=25 (full 0):
 garbage-first heap   total 147456K, used 96106K [0x0000000080000000, 0x0000000100000000)
  region size 1024K, 28 young (28672K), 4 survivors (4096K)
 Metaspace       used 72247K, committed 72960K, reserved 491520K
  class space    used 9804K, committed 10112K, reserved 425984K
}
Event: 13.578 GC heap after
{Heap after GC invocations=26 (full 0):
 garbage-first heap   total 147456K, used 74489K [0x0000000080000000, 0x0000000100000000)
  region size 1024K, 2 young (2048K), 2 survivors (2048K)
 Metaspace       used 72247K, committed 72960K, reserved 491520K
  class space    used 9804K, committed 10112K, reserved 425984K
}
Event: 13.964 GC heap before
{Heap before GC invocations=27 (full 0):
 garbage-first heap   total 147456K, used 117497K [0x0000000080000000, 0x0000000100000000)
  region size 1024K, 43 young (44032K), 2 survivors (2048K)
 Metaspace       used 73504K, committed 74176K, reserved 491520K
  class space    used 10004K, committed 10304K, reserved 425984K
}
Event: 13.967 GC heap after
{Heap after GC invocations=28 (full 0):
 garbage-first heap   total 147456K, used 77656K [0x0000000080000000, 0x0000000100000000)
  region size 1024K, 5 young (5120K), 5 survivors (5120K)
 Metaspace       used 73504K, committed 74176K, reserved 491520K
  class space    used 10004K, committed 10304K, reserved 425984K
}

