# JRE version: Java(TM) SE Runtime Environment (17.0.9+11) (build 17.0.9+11-LTS-201)
# Java VM: Java HotSpot(TM) 64-Bit Server VM (17.0.9+11-LTS-201, mixed mode, sharing, tiered, compressed oops, compressed class ptrs, g1 gc, windows-amd64)
GC Precious Log:
 CPUs: 16 total, 16 available
 Memory: 15791M
 Large Page Support: Disabled
 NUMA Support: Disabled
 Compressed Oops: Enabled (32-bit)
 Heap Region Size: 1M
 Heap Min Capacity: 8M
 Heap Initial Capacity: 248M
 Heap Max Capacity: 2G
 Pre-touch: Disabled
 Parallel Workers: 13
 Concurrent Workers: 3
 Concurrent Refinement Workers: 13
 Periodic GC: Disabled
Heap:
 garbage-first heap   total 117760K, used 76413K [0x0000000080000000, 0x0000000100000000)
  region size 1024K, 6 young (6144K), 3 survivors (3072K)
 Metaspace       used 68495K, committed 69248K, reserved 491520K
  class space    used 9342K, committed 9664K, reserved 425984K
GC Heap History (20 events):
Event: 9.843 GC heap before
{Heap before GC invocations=13 (full 0):
 garbage-first heap   total 81920K, used 68444K [0x0000000080000000, 0x0000000100000000)
  region size 1024K, 26 young (26624K), 3 survivors (3072K)
 Metaspace       used 46037K, committed 46656K, reserved 491520K
  class space    used 6371K, committed 6656K, reserved 425984K
}
Event: 9.846 GC heap after
{Heap after GC invocations=14 (full 0):
 garbage-first heap   total 81920K, used 47395K [0x0000000080000000, 0x0000000100000000)
  region size 1024K, 4 young (4096K), 4 survivors (4096K)
 Metaspace       used 46037K, committed 46656K, reserved 491520K
  class space    used 6371K, committed 6656K, reserved 425984K
}
Event: 10.116 GC heap before
{Heap before GC invocations=14 (full 0):
 garbage-first heap   total 81920K, used 66851K [0x0000000080000000, 0x0000000100000000)
  region size 1024K, 23 young (23552K), 4 survivors (4096K)
 Metaspace       used 48118K, committed 48704K, reserved 491520K
  class space    used 6706K, committed 6976K, reserved 425984K
}
Event: 10.119 GC heap after
{Heap after GC invocations=15 (full 0):
 garbage-first heap   total 81920K, used 48562K [0x0000000080000000, 0x0000000100000000)
  region size 1024K, 2 young (2048K), 2 survivors (2048K)
 Metaspace       used 48118K, committed 48704K, reserved 491520K
  class space    used 6706K, committed 6976K, reserved 425984K
}
Event: 10.388 GC heap before
{Heap before GC invocations=16 (full 0):
 garbage-first heap   total 87040K, used 66994K [0x0000000080000000, 0x0000000100000000)
  region size 1024K, 20 young (20480K), 2 survivors (2048K)
 Metaspace       used 49980K, committed 50560K, reserved 491520K
  class space    used 6969K, committed 7232K, reserved 425984K
}
Event: 10.389 GC heap after
{Heap after GC invocations=17 (full 0):
 garbage-first heap   total 87040K, used 49689K [0x0000000080000000, 0x0000000100000000)
  region size 1024K, 3 young (3072K), 3 survivors (3072K)
 Metaspace       used 49980K, committed 50560K, reserved 491520K
  class space    used 6969K, committed 7232K, reserved 425984K
}
Event: 10.552 GC heap before
{Heap before GC invocations=17 (full 0):
 garbage-first heap   total 87040K, used 70169K [0x0000000080000000, 0x0000000100000000)
  region size 1024K, 23 young (23552K), 3 survivors (3072K)
 Metaspace       used 52706K, committed 53376K, reserved 491520K
  class space    used 7316K, committed 7616K, reserved 425984K
}
Event: 10.554 GC heap after
{Heap after GC invocations=18 (full 0):
 garbage-first heap   total 87040K, used 51060K [0x0000000080000000, 0x0000000100000000)
  region size 1024K, 3 young (3072K), 3 survivors (3072K)
 Metaspace       used 52706K, committed 53376K, reserved 491520K
  class space    used 7316K, committed 7616K, reserved 425984K
}
Event: 10.738 GC heap before
{Heap before GC invocations=19 (full 0):
 garbage-first heap   total 91136K, used 70516K [0x0000000080000000, 0x0000000100000000)
  region size 1024K, 23 young (23552K), 3 survivors (3072K)
 Metaspace       used 54451K, committed 55104K, reserved 491520K
  class space    used 7531K, committed 7808K, reserved 425984K
}
Event: 10.741 GC heap after
{Heap after GC invocations=20 (full 0):
 garbage-first heap   total 109568K, used 52684K [0x0000000080000000, 0x0000000100000000)
  region size 1024K, 3 young (3072K), 3 survivors (3072K)
 Metaspace       used 54451K, committed 55104K, reserved 491520K
  class space    used 7531K, committed 7808K, reserved 425984K
}
Event: 11.056 GC heap before
{Heap before GC invocations=20 (full 0):
 garbage-first heap   total 109568K, used 85452K [0x0000000080000000, 0x0000000100000000)
  region size 1024K, 35 young (35840K), 3 survivors (3072K)
 Metaspace       used 57115K, committed 57792K, reserved 491520K
  class space    used 7942K, committed 8256K, reserved 425984K
}
Event: 11.059 GC heap after
{Heap after GC invocations=21 (full 0):
 garbage-first heap   total 109568K, used 54946K [0x0000000080000000, 0x0000000100000000)
  region size 1024K, 4 young (4096K), 4 survivors (4096K)
 Metaspace       used 57115K, committed 57792K, reserved 491520K
  class space    used 7942K, committed 8256K, reserved 425984K
}
Event: 11.515 GC heap before
{Heap before GC invocations=22 (full 0):
 garbage-first heap   total 109568K, used 86690K [0x0000000080000000, 0x0000000100000000)
  region size 1024K, 35 young (35840K), 4 survivors (4096K)
 Metaspace       used 59185K, committed 59840K, reserved 491520K
  class space    used 8223K, committed 8512K, reserved 425984K
}
Event: 11.519 GC heap after
{Heap after GC invocations=23 (full 0):
 garbage-first heap   total 109568K, used 57829K [0x0000000080000000, 0x0000000100000000)
  region size 1024K, 5 young (5120K), 5 survivors (5120K)
 Metaspace       used 59185K, committed 59840K, reserved 491520K
  class space    used 8223K, committed 8512K, reserved 425984K
}
Event: 11.889 GC heap before
{Heap before GC invocations=23 (full 0):
 garbage-first heap   total 109568K, used 86501K [0x0000000080000000, 0x0000000100000000)
  region size 1024K, 34 young (34816K), 5 survivors (5120K)
 Metaspace       used 62056K, committed 62720K, reserved 491520K
  class space    used 8602K, committed 8896K, reserved 425984K
}
Event: 11.893 GC heap after
{Heap after GC invocations=24 (full 0):
 garbage-first heap   total 109568K, used 62452K [0x0000000080000000, 0x0000000100000000)
  region size 1024K, 5 young (5120K), 5 survivors (5120K)
 Metaspace       used 62056K, committed 62720K, reserved 491520K
  class space    used 8602K, committed 8896K, reserved 425984K
}
Event: 12.167 GC heap before
{Heap before GC invocations=25 (full 0):
 garbage-first heap   total 111616K, used 80884K [0x0000000080000000, 0x0000000100000000)
  region size 1024K, 25 young (25600K), 5 survivors (5120K)
 Metaspace       used 62728K, committed 63488K, reserved 491520K
  class space    used 8685K, committed 9024K, reserved 425984K
}
Event: 12.171 GC heap after
{Heap after GC invocations=26 (full 0):
 garbage-first heap   total 111616K, used 63866K [0x0000000080000000, 0x0000000100000000)
  region size 1024K, 2 young (2048K), 2 survivors (2048K)
 Metaspace       used 62728K, committed 63488K, reserved 491520K
  class space    used 8685K, committed 9024K, reserved 425984K
}
Event: 12.482 GC heap before
{Heap before GC invocations=27 (full 0):
 garbage-first heap   total 117760K, used 91514K [0x0000000080000000, 0x0000000100000000)
  region size 1024K, 28 young (28672K), 2 survivors (2048K)
 Metaspace       used 66186K, committed 66880K, reserved 491520K
  class space    used 9074K, committed 9408K, reserved 425984K
}
Event: 12.485 GC heap after
{Heap after GC invocations=28 (full 0):
 garbage-first heap   total 117760K, used 69302K [0x0000000080000000, 0x0000000100000000)
  region size 1024K, 4 young (4096K), 4 survivors (4096K)
 Metaspace       used 66186K, committed 66880K, reserved 491520K
  class space    used 9074K, committed 9408K, reserved 425984K
}

