# JRE version: Java(TM) SE Runtime Environment (17.0.9+11) (build 17.0.9+11-LTS-201)
# Java VM: Java HotSpot(TM) 64-Bit Server VM (17.0.9+11-LTS-201, mixed mode, sharing, tiered, compressed oops, compressed class ptrs, g1 gc, windows-amd64)
GC Precious Log:
 CPUs: 16 total, 16 available
 Memory: 15791M
 Large Page Support: Disabled
 NUMA Support: Disabled
 Compressed Oops: Enabled (32-bit)
 Heap Region Size: 1M
 Heap Min Capacity: 8M
 Heap Initial Capacity: 248M
 Heap Max Capacity: 2G
 Pre-touch: Disabled
 Parallel Workers: 13
 Concurrent Workers: 3
 Concurrent Refinement Workers: 13
 Periodic GC: Disabled
Heap:
 garbage-first heap   total 280576K, used 216448K [0x0000000080000000, 0x0000000100000000)
  region size 1024K, 130 young (133120K), 3 survivors (3072K)
 Metaspace       used 82796K, committed 83648K, reserved 557056K
  class space    used 11503K, committed 11904K, reserved 425984K
GC Heap History (20 events):
Event: 17.706 GC heap before
{Heap before GC invocations=23 (full 0):
 garbage-first heap   total 109568K, used 78392K [0x0000000080000000, 0x0000000100000000)
  region size 1024K, 23 young (23552K), 4 survivors (4096K)
 Metaspace       used 62664K, committed 63360K, reserved 491520K
  class space    used 8688K, committed 9024K, reserved 425984K
}
Event: 17.709 GC heap after
{Heap after GC invocations=24 (full 0):
 garbage-first heap   total 109568K, used 62259K [0x0000000080000000, 0x0000000100000000)
  region size 1024K, 2 young (2048K), 2 survivors (2048K)
 Metaspace       used 62664K, committed 63360K, reserved 491520K
  class space    used 8688K, committed 9024K, reserved 425984K
}
Event: 18.217 GC heap before
{Heap before GC invocations=25 (full 0):
 garbage-first heap   total 112640K, used 88883K [0x0000000080000000, 0x0000000100000000)
  region size 1024K, 27 young (27648K), 2 survivors (2048K)
 Metaspace       used 65940K, committed 66560K, reserved 491520K
  class space    used 9055K, committed 9344K, reserved 425984K
}
Event: 18.220 GC heap after
{Heap after GC invocations=26 (full 0):
 garbage-first heap   total 112640K, used 68039K [0x0000000080000000, 0x0000000100000000)
  region size 1024K, 4 young (4096K), 4 survivors (4096K)
 Metaspace       used 65940K, committed 66560K, reserved 491520K
  class space    used 9055K, committed 9344K, reserved 425984K
}
Event: 18.233 GC heap before
{Heap before GC invocations=26 (full 0):
 garbage-first heap   total 112640K, used 68039K [0x0000000080000000, 0x0000000100000000)
  region size 1024K, 5 young (5120K), 4 survivors (4096K)
 Metaspace       used 66086K, committed 66752K, reserved 491520K
  class space    used 9075K, committed 9408K, reserved 425984K
}
Event: 18.236 GC heap after
{Heap after GC invocations=27 (full 0):
 garbage-first heap   total 112640K, used 67910K [0x0000000080000000, 0x0000000100000000)
  region size 1024K, 1 young (1024K), 1 survivors (1024K)
 Metaspace       used 66086K, committed 66752K, reserved 491520K
  class space    used 9075K, committed 9408K, reserved 425984K
}
Event: 18.525 GC heap before
{Heap before GC invocations=27 (full 0):
 garbage-first heap   total 112640K, used 81222K [0x0000000080000000, 0x0000000100000000)
  region size 1024K, 16 young (16384K), 1 survivors (1024K)
 Metaspace       used 68424K, committed 69056K, reserved 491520K
  class space    used 9343K, committed 9664K, reserved 425984K
}
Event: 18.527 GC heap after
{Heap after GC invocations=28 (full 0):
 garbage-first heap   total 112640K, used 70472K [0x0000000080000000, 0x0000000100000000)
  region size 1024K, 3 young (3072K), 3 survivors (3072K)
 Metaspace       used 68424K, committed 69056K, reserved 491520K
  class space    used 9343K, committed 9664K, reserved 425984K
}
Event: 18.796 GC heap before
{Heap before GC invocations=29 (full 0):
 garbage-first heap   total 148480K, used 99144K [0x0000000080000000, 0x0000000100000000)
  region size 1024K, 24 young (24576K), 3 survivors (3072K)
 Metaspace       used 69342K, committed 69952K, reserved 491520K
  class space    used 9472K, committed 9792K, reserved 425984K
}
Event: 18.800 GC heap after
{Heap after GC invocations=30 (full 0):
 garbage-first heap   total 148480K, used 73479K [0x0000000080000000, 0x0000000100000000)
  region size 1024K, 3 young (3072K), 3 survivors (3072K)
 Metaspace       used 69342K, committed 69952K, reserved 491520K
  class space    used 9472K, committed 9792K, reserved 425984K
}
Event: 18.856 GC heap before
{Heap before GC invocations=30 (full 0):
 garbage-first heap   total 148480K, used 77575K [0x0000000080000000, 0x0000000100000000)
  region size 1024K, 7 young (7168K), 3 survivors (3072K)
 Metaspace       used 69717K, committed 70336K, reserved 491520K
  class space    used 9522K, committed 9856K, reserved 425984K
}
Event: 18.858 GC heap after
{Heap after GC invocations=31 (full 0):
 garbage-first heap   total 148480K, used 73705K [0x0000000080000000, 0x0000000100000000)
  region size 1024K, 1 young (1024K), 1 survivors (1024K)
 Metaspace       used 69717K, committed 70336K, reserved 491520K
  class space    used 9522K, committed 9856K, reserved 425984K
}
Event: 19.277 GC heap before
{Heap before GC invocations=31 (full 0):
 garbage-first heap   total 148480K, used 100329K [0x0000000080000000, 0x0000000100000000)
  region size 1024K, 28 young (28672K), 1 survivors (1024K)
 Metaspace       used 72261K, committed 72896K, reserved 491520K
  class space    used 9818K, committed 10112K, reserved 425984K
}
Event: 19.280 GC heap after
{Heap after GC invocations=32 (full 0):
 garbage-first heap   total 148480K, used 75491K [0x0000000080000000, 0x0000000100000000)
  region size 1024K, 3 young (3072K), 3 survivors (3072K)
 Metaspace       used 72261K, committed 72896K, reserved 491520K
  class space    used 9818K, committed 10112K, reserved 425984K
}
Event: 19.728 GC heap before
{Heap before GC invocations=33 (full 0):
 garbage-first heap   total 148480K, used 116451K [0x0000000080000000, 0x0000000100000000)
  region size 1024K, 42 young (43008K), 3 survivors (3072K)
 Metaspace       used 73541K, committed 74240K, reserved 491520K
  class space    used 10022K, committed 10304K, reserved 425984K
}
Event: 19.732 GC heap after
{Heap after GC invocations=34 (full 0):
 garbage-first heap   total 148480K, used 78765K [0x0000000080000000, 0x0000000100000000)
  region size 1024K, 6 young (6144K), 6 survivors (6144K)
 Metaspace       used 73541K, committed 74240K, reserved 491520K
  class space    used 10022K, committed 10304K, reserved 425984K
}
Event: 19.738 GC heap before
{Heap before GC invocations=34 (full 0):
 garbage-first heap   total 148480K, used 79789K [0x0000000080000000, 0x0000000100000000)
  region size 1024K, 7 young (7168K), 6 survivors (6144K)
 Metaspace       used 73541K, committed 74240K, reserved 491520K
  class space    used 10022K, committed 10304K, reserved 425984K
}
Event: 19.741 GC heap after
{Heap after GC invocations=35 (full 0):
 garbage-first heap   total 148480K, used 78443K [0x0000000080000000, 0x0000000100000000)
  region size 1024K, 1 young (1024K), 1 survivors (1024K)
 Metaspace       used 73541K, committed 74240K, reserved 491520K
  class space    used 10022K, committed 10304K, reserved 425984K
}
Event: 25.375 GC heap before
{Heap before GC invocations=35 (full 0):
 garbage-first heap   total 148480K, used 117355K [0x0000000080000000, 0x0000000100000000)
  region size 1024K, 39 young (39936K), 1 survivors (1024K)
 Metaspace       used 76904K, committed 77568K, reserved 557056K
  class space    used 10573K, committed 10880K, reserved 425984K
}
Event: 25.380 GC heap after
{Heap after GC invocations=36 (full 0):
 garbage-first heap   total 316416K, used 81280K [0x0000000080000000, 0x0000000100000000)
  region size 1024K, 3 young (3072K), 3 survivors (3072K)
 Metaspace       used 76904K, committed 77568K, reserved 557056K
  class space    used 10573K, committed 10880K, reserved 425984K
}

