# JRE version: Java(TM) SE Runtime Environment (17.0.9+11) (build 17.0.9+11-LTS-201)
# Java VM: Java HotSpot(TM) 64-Bit Server VM (17.0.9+11-LTS-201, mixed mode, sharing, tiered, compressed oops, compressed class ptrs, g1 gc, windows-amd64)
GC Precious Log:
 CPUs: 16 total, 16 available
 Memory: 15791M
 Large Page Support: Disabled
 NUMA Support: Disabled
 Compressed Oops: Enabled (32-bit)
 Heap Region Size: 1M
 Heap Min Capacity: 8M
 Heap Initial Capacity: 248M
 Heap Max Capacity: 2G
 Pre-touch: Disabled
 Parallel Workers: 13
 Concurrent Workers: 3
 Concurrent Refinement Workers: 13
 Periodic GC: Disabled
Heap:
 garbage-first heap   total 269312K, used 168247K [0x0000000080000000, 0x0000000100000000)
  region size 1024K, 60 young (61440K), 7 survivors (7168K)
 Metaspace       used 96429K, committed 97344K, reserved 557056K
  class space    used 13226K, committed 13632K, reserved 425984K
GC Heap History (20 events):
Event: 17.841 GC heap before
{Heap before GC invocations=34 (full 0):
 garbage-first heap   total 119808K, used 73417K [0x0000000080000000, 0x0000000100000000)
  region size 1024K, 5 young (5120K), 3 survivors (3072K)
 Metaspace       used 72220K, committed 72896K, reserved 491520K
  class space    used 9802K, committed 10112K, reserved 425984K
}
Event: 17.844 GC heap after
{Heap after GC invocations=35 (full 0):
 garbage-first heap   total 119808K, used 70932K [0x0000000080000000, 0x0000000100000000)
  region size 1024K, 1 young (1024K), 1 survivors (1024K)
 Metaspace       used 72220K, committed 72896K, reserved 491520K
  class space    used 9802K, committed 10112K, reserved 425984K
}
Event: 18.190 GC heap before
{Heap before GC invocations=35 (full 0):
 garbage-first heap   total 119808K, used 86292K [0x0000000080000000, 0x0000000100000000)
  region size 1024K, 18 young (18432K), 1 survivors (1024K)
 Metaspace       used 73798K, committed 74496K, reserved 491520K
  class space    used 10005K, committed 10304K, reserved 425984K
}
Event: 18.193 GC heap after
{Heap after GC invocations=36 (full 0):
 garbage-first heap   total 119808K, used 73524K [0x0000000080000000, 0x0000000100000000)
  region size 1024K, 3 young (3072K), 3 survivors (3072K)
 Metaspace       used 73798K, committed 74496K, reserved 491520K
  class space    used 10005K, committed 10304K, reserved 425984K
}
Event: 18.447 GC heap before
{Heap before GC invocations=37 (full 0):
 garbage-first heap   total 158720K, used 99124K [0x0000000080000000, 0x0000000100000000)
  region size 1024K, 22 young (22528K), 3 survivors (3072K)
 Metaspace       used 74388K, committed 75136K, reserved 491520K
  class space    used 10108K, committed 10432K, reserved 425984K
}
Event: 18.449 GC heap after
{Heap after GC invocations=38 (full 0):
 garbage-first heap   total 158720K, used 76356K [0x0000000080000000, 0x0000000100000000)
  region size 1024K, 3 young (3072K), 3 survivors (3072K)
 Metaspace       used 74388K, committed 75136K, reserved 491520K
  class space    used 10108K, committed 10432K, reserved 425984K
}
Event: 18.496 GC heap before
{Heap before GC invocations=38 (full 0):
 garbage-first heap   total 158720K, used 80452K [0x0000000080000000, 0x0000000100000000)
  region size 1024K, 7 young (7168K), 3 survivors (3072K)
 Metaspace       used 74886K, committed 75648K, reserved 557056K
  class space    used 10159K, committed 10496K, reserved 425984K
}
Event: 18.499 GC heap after
{Heap after GC invocations=39 (full 0):
 garbage-first heap   total 269312K, used 76577K [0x0000000080000000, 0x0000000100000000)
  region size 1024K, 1 young (1024K), 1 survivors (1024K)
 Metaspace       used 74886K, committed 75648K, reserved 557056K
  class space    used 10159K, committed 10496K, reserved 425984K
}
Event: 25.121 GC heap before
{Heap before GC invocations=39 (full 0):
 garbage-first heap   total 269312K, used 176929K [0x0000000080000000, 0x0000000100000000)
  region size 1024K, 98 young (100352K), 1 survivors (1024K)
 Metaspace       used 80870K, committed 81664K, reserved 557056K
  class space    used 10967K, committed 11328K, reserved 425984K
}
Event: 25.126 GC heap after
{Heap after GC invocations=40 (full 0):
 garbage-first heap   total 269312K, used 84139K [0x0000000080000000, 0x0000000100000000)
  region size 1024K, 8 young (8192K), 8 survivors (8192K)
 Metaspace       used 80870K, committed 81664K, reserved 557056K
  class space    used 10967K, committed 11328K, reserved 425984K
}
Event: 26.305 GC heap before
{Heap before GC invocations=40 (full 0):
 garbage-first heap   total 269312K, used 159915K [0x0000000080000000, 0x0000000100000000)
  region size 1024K, 83 young (84992K), 8 survivors (8192K)
 Metaspace       used 86373K, committed 87232K, reserved 557056K
  class space    used 11911K, committed 12288K, reserved 425984K
}
Event: 26.313 GC heap after
{Heap after GC invocations=41 (full 0):
 garbage-first heap   total 269312K, used 90807K [0x0000000080000000, 0x0000000100000000)
  region size 1024K, 7 young (7168K), 7 survivors (7168K)
 Metaspace       used 86373K, committed 87232K, reserved 557056K
  class space    used 11911K, committed 12288K, reserved 425984K
}
Event: 27.379 GC heap before
{Heap before GC invocations=42 (full 0):
 garbage-first heap   total 269312K, used 199351K [0x0000000080000000, 0x0000000100000000)
  region size 1024K, 107 young (109568K), 7 survivors (7168K)
 Metaspace       used 90440K, committed 91264K, reserved 557056K
  class space    used 12587K, committed 12992K, reserved 425984K
}
Event: 27.389 GC heap after
{Heap after GC invocations=43 (full 0):
 garbage-first heap   total 269312K, used 104680K [0x0000000080000000, 0x0000000100000000)
  region size 1024K, 14 young (14336K), 14 survivors (14336K)
 Metaspace       used 90440K, committed 91264K, reserved 557056K
  class space    used 12587K, committed 12992K, reserved 425984K
}
Event: 27.398 GC heap before
{Heap before GC invocations=43 (full 0):
 garbage-first heap   total 269312K, used 105704K [0x0000000080000000, 0x0000000100000000)
  region size 1024K, 15 young (15360K), 14 survivors (14336K)
 Metaspace       used 90441K, committed 91264K, reserved 557056K
  class space    used 12587K, committed 12992K, reserved 425984K
}
Event: 27.406 GC heap after
{Heap after GC invocations=44 (full 0):
 garbage-first heap   total 269312K, used 105758K [0x0000000080000000, 0x0000000100000000)
  region size 1024K, 2 young (2048K), 2 survivors (2048K)
 Metaspace       used 90441K, committed 91264K, reserved 557056K
  class space    used 12587K, committed 12992K, reserved 425984K
}
Event: 28.422 GC heap before
{Heap before GC invocations=44 (full 0):
 garbage-first heap   total 269312K, used 202014K [0x0000000080000000, 0x0000000100000000)
  region size 1024K, 96 young (98304K), 2 survivors (2048K)
 Metaspace       used 93053K, committed 93952K, reserved 557056K
  class space    used 12880K, committed 13312K, reserved 425984K
}
Event: 28.426 GC heap after
{Heap after GC invocations=45 (full 0):
 garbage-first heap   total 269312K, used 107252K [0x0000000080000000, 0x0000000100000000)
  region size 1024K, 4 young (4096K), 4 survivors (4096K)
 Metaspace       used 93053K, committed 93952K, reserved 557056K
  class space    used 12880K, committed 13312K, reserved 425984K
}
Event: 29.517 GC heap before
{Heap before GC invocations=45 (full 0):
 garbage-first heap   total 269312K, used 186100K [0x0000000080000000, 0x0000000100000000)
  region size 1024K, 83 young (84992K), 4 survivors (4096K)
 Metaspace       used 94202K, committed 95104K, reserved 557056K
  class space    used 12970K, committed 13440K, reserved 425984K
}
Event: 29.521 GC heap after
{Heap after GC invocations=46 (full 0):
 garbage-first heap   total 269312K, used 110903K [0x0000000080000000, 0x0000000100000000)
  region size 1024K, 7 young (7168K), 7 survivors (7168K)
 Metaspace       used 94202K, committed 95104K, reserved 557056K
  class space    used 12970K, committed 13440K, reserved 425984K
}

