# JRE version: Java(TM) SE Runtime Environment (17.0.9+11) (build 17.0.9+11-LTS-201)
# Java VM: Java HotSpot(TM) 64-Bit Server VM (17.0.9+11-LTS-201, mixed mode, sharing, tiered, compressed oops, compressed class ptrs, g1 gc, windows-amd64)
GC Precious Log:
 CPUs: 16 total, 16 available
 Memory: 15791M
 Large Page Support: Disabled
 NUMA Support: Disabled
 Compressed Oops: Enabled (32-bit)
 Heap Region Size: 1M
 Heap Min Capacity: 8M
 Heap Initial Capacity: 248M
 Heap Max Capacity: 2G
 Pre-touch: Disabled
 Parallel Workers: 13
 Concurrent Workers: 3
 Concurrent Refinement Workers: 13
 Periodic GC: Disabled
Heap:
 garbage-first heap   total 297984K, used 248384K [0x0000000080000000, 0x0000000100000000)
  region size 1024K, 18 young (18432K), 4 survivors (4096K)
 Metaspace       used 103636K, committed 105152K, reserved 557056K
  class space    used 14405K, committed 15104K, reserved 425984K
GC Heap History (20 events):
Event: 25.525 GC heap before
{Heap before GC invocations=39 (full 0):
 garbage-first heap   total 199680K, used 163002K [0x0000000080000000, 0x0000000100000000)
  region size 1024K, 37 young (37888K), 2 survivors (2048K)
 Metaspace       used 83966K, committed 84992K, reserved 557056K
  class space    used 11663K, committed 12160K, reserved 425984K
}
Event: 25.531 GC heap after
{Heap after GC invocations=40 (full 0):
 garbage-first heap   total 297984K, used 135109K [0x0000000080000000, 0x0000000100000000)
  region size 1024K, 5 young (5120K), 5 survivors (5120K)
 Metaspace       used 83966K, committed 84992K, reserved 557056K
  class space    used 11663K, committed 12160K, reserved 425984K
}
Event: 26.655 GC heap before
{Heap before GC invocations=40 (full 0):
 garbage-first heap   total 297984K, used 214981K [0x0000000080000000, 0x0000000100000000)
  region size 1024K, 79 young (80896K), 5 survivors (5120K)
 Metaspace       used 87096K, committed 88128K, reserved 557056K
  class space    used 12124K, committed 12608K, reserved 425984K
}
Event: 26.663 GC heap after
{Heap after GC invocations=41 (full 0):
 garbage-first heap   total 297984K, used 153222K [0x0000000080000000, 0x0000000100000000)
  region size 1024K, 10 young (10240K), 10 survivors (10240K)
 Metaspace       used 87096K, committed 88128K, reserved 557056K
  class space    used 12124K, committed 12608K, reserved 425984K
}
Event: 27.599 GC heap before
{Heap before GC invocations=41 (full 0):
 garbage-first heap   total 297984K, used 220806K [0x0000000080000000, 0x0000000100000000)
  region size 1024K, 76 young (77824K), 10 survivors (10240K)
 Metaspace       used 91658K, committed 92736K, reserved 557056K
  class space    used 12709K, committed 13248K, reserved 425984K
}
Event: 27.605 GC heap after
{Heap after GC invocations=42 (full 0):
 garbage-first heap   total 297984K, used 159059K [0x0000000080000000, 0x0000000100000000)
  region size 1024K, 5 young (5120K), 5 survivors (5120K)
 Metaspace       used 91658K, committed 92736K, reserved 557056K
  class space    used 12709K, committed 13248K, reserved 425984K
}
Event: 28.260 GC heap before
{Heap before GC invocations=42 (full 0):
 garbage-first heap   total 297984K, used 227667K [0x0000000080000000, 0x0000000100000000)
  region size 1024K, 72 young (73728K), 5 survivors (5120K)
 Metaspace       used 93119K, committed 94272K, reserved 557056K
  class space    used 12907K, committed 13440K, reserved 425984K
}
Event: 28.267 GC heap after
{Heap after GC invocations=43 (full 0):
 garbage-first heap   total 297984K, used 168502K [0x0000000080000000, 0x0000000100000000)
  region size 1024K, 9 young (9216K), 9 survivors (9216K)
 Metaspace       used 93119K, committed 94272K, reserved 557056K
  class space    used 12907K, committed 13440K, reserved 425984K
}
Event: 28.922 GC heap before
{Heap before GC invocations=43 (full 0):
 garbage-first heap   total 297984K, used 238134K [0x0000000080000000, 0x0000000100000000)
  region size 1024K, 72 young (73728K), 9 survivors (9216K)
 Metaspace       used 94267K, committed 95488K, reserved 557056K
  class space    used 13057K, committed 13632K, reserved 425984K
}
Event: 28.931 GC heap after
{Heap after GC invocations=44 (full 0):
 garbage-first heap   total 297984K, used 183230K [0x0000000080000000, 0x0000000100000000)
  region size 1024K, 9 young (9216K), 9 survivors (9216K)
 Metaspace       used 94267K, committed 95488K, reserved 557056K
  class space    used 13057K, committed 13632K, reserved 425984K
}
Event: 29.737 GC heap before
{Heap before GC invocations=44 (full 0):
 garbage-first heap   total 297984K, used 245694K [0x0000000080000000, 0x0000000100000000)
  region size 1024K, 64 young (65536K), 9 survivors (9216K)
 Metaspace       used 97220K, committed 98432K, reserved 557056K
  class space    used 13433K, committed 14016K, reserved 425984K
}
Event: 29.744 GC heap after
{Heap after GC invocations=45 (full 0):
 garbage-first heap   total 297984K, used 200621K [0x0000000080000000, 0x0000000100000000)
  region size 1024K, 8 young (8192K), 8 survivors (8192K)
 Metaspace       used 97220K, committed 98432K, reserved 557056K
  class space    used 13433K, committed 14016K, reserved 425984K
}
Event: 30.365 GC heap before
{Heap before GC invocations=45 (full 0):
 garbage-first heap   total 297984K, used 245677K [0x0000000080000000, 0x0000000100000000)
  region size 1024K, 51 young (52224K), 8 survivors (8192K)
 Metaspace       used 98559K, committed 99904K, reserved 557056K
  class space    used 13629K, committed 14272K, reserved 425984K
}
Event: 30.371 GC heap after
{Heap after GC invocations=46 (full 0):
 garbage-first heap   total 297984K, used 209786K [0x0000000080000000, 0x0000000100000000)
  region size 1024K, 7 young (7168K), 7 survivors (7168K)
 Metaspace       used 98559K, committed 99904K, reserved 557056K
  class space    used 13629K, committed 14272K, reserved 425984K
}
Event: 30.947 GC heap before
{Heap before GC invocations=46 (full 0):
 garbage-first heap   total 297984K, used 251770K [0x0000000080000000, 0x0000000100000000)
  region size 1024K, 44 young (45056K), 7 survivors (7168K)
 Metaspace       used 99771K, committed 101120K, reserved 557056K
  class space    used 13829K, committed 14464K, reserved 425984K
}
Event: 30.954 GC heap after
{Heap after GC invocations=47 (full 0):
 garbage-first heap   total 297984K, used 224138K [0x0000000080000000, 0x0000000100000000)
  region size 1024K, 6 young (6144K), 6 survivors (6144K)
 Metaspace       used 99771K, committed 101120K, reserved 557056K
  class space    used 13829K, committed 14464K, reserved 425984K
}
Event: 31.484 GC heap before
{Heap before GC invocations=47 (full 0):
 garbage-first heap   total 297984K, used 251786K [0x0000000080000000, 0x0000000100000000)
  region size 1024K, 33 young (33792K), 6 survivors (6144K)
 Metaspace       used 101362K, committed 102784K, reserved 557056K
  class space    used 14045K, committed 14720K, reserved 425984K
}
Event: 31.491 GC heap after
{Heap after GC invocations=48 (full 0):
 garbage-first heap   total 297984K, used 229844K [0x0000000080000000, 0x0000000100000000)
  region size 1024K, 5 young (5120K), 5 survivors (5120K)
 Metaspace       used 101362K, committed 102784K, reserved 557056K
  class space    used 14045K, committed 14720K, reserved 425984K
}
Event: 31.820 GC heap before
{Heap before GC invocations=48 (full 0):
 garbage-first heap   total 297984K, used 253396K [0x0000000080000000, 0x0000000100000000)
  region size 1024K, 28 young (28672K), 5 survivors (5120K)
 Metaspace       used 101858K, committed 103296K, reserved 557056K
  class space    used 14115K, committed 14784K, reserved 425984K
}
Event: 31.827 GC heap after
{Heap after GC invocations=49 (full 0):
 garbage-first heap   total 297984K, used 235072K [0x0000000080000000, 0x0000000100000000)
  region size 1024K, 4 young (4096K), 4 survivors (4096K)
 Metaspace       used 101858K, committed 103296K, reserved 557056K
  class space    used 14115K, committed 14784K, reserved 425984K
}

